0 info it worked if it ends with ok
1 verbose cli [ '/usr/bin/nodejs', '/usr/bin/npm', 'run', 'server' ]
2 info using npm@3.5.2
3 info using node@v4.2.6
4 verbose run-script [ 'preserver', 'server', 'postserver' ]
5 info lifecycle task-manager@0.1.0~preserver: task-manager@0.1.0
6 silly lifecycle task-manager@0.1.0~preserver: no script for preserver, continuing
7 info lifecycle task-manager@0.1.0~server: task-manager@0.1.0
8 verbose lifecycle task-manager@0.1.0~server: unsafe-perm in lifecycle true
9 verbose lifecycle task-manager@0.1.0~server: PATH: /usr/share/npm/bin/node-gyp-bin:/home/intern2/WebstormProjects/task-manager/node_modules/.bin:/home/intern2/bin:/home/intern2/.local/bin:/home/intern2/bin:/home/intern2/.local/bin:/usr/local/sbin:/usr/local/bin:/usr/sbin:/usr/bin:/sbin:/bin:/usr/games:/usr/local/games:/snap/bin:/snap/bin
10 verbose lifecycle task-manager@0.1.0~server: CWD: /home/intern2/WebstormProjects/task-manager
11 silly lifecycle task-manager@0.1.0~server: Args: [ '-c', 'json-server --watch db.json --port 4000' ]
12 silly lifecycle task-manager@0.1.0~server: Returned: code: 1  signal: null
13 info lifecycle task-manager@0.1.0~server: Failed to exec server script
14 verbose stack Error: task-manager@0.1.0 server: `json-server --watch db.json --port 4000`
14 verbose stack Exit status 1
14 verbose stack     at EventEmitter.<anonymous> (/usr/share/npm/lib/utils/lifecycle.js:232:16)
14 verbose stack     at emitTwo (events.js:87:13)
14 verbose stack     at EventEmitter.emit (events.js:172:7)
14 verbose stack     at ChildProcess.<anonymous> (/usr/share/npm/lib/utils/spawn.js:24:14)
14 verbose stack     at emitTwo (events.js:87:13)
14 verbose stack     at ChildProcess.emit (events.js:172:7)
14 verbose stack     at maybeClose (internal/child_process.js:821:16)
14 verbose stack     at Process.ChildProcess._handle.onexit (internal/child_process.js:211:5)
15 verbose pkgid task-manager@0.1.0
16 verbose cwd /home/intern2/WebstormProjects/task-manager
17 error Linux 4.10.0-28-generic
18 error argv "/usr/bin/nodejs" "/usr/bin/npm" "run" "server"
19 error node v4.2.6
20 error npm  v3.5.2
21 error code ELIFECYCLE
22 error task-manager@0.1.0 server: `json-server --watch db.json --port 4000`
22 error Exit status 1
23 error Failed at the task-manager@0.1.0 server script 'json-server --watch db.json --port 4000'.
23 error Make sure you have the latest version of node.js and npm installed.
23 error If you do, this is most likely a problem with the task-manager package,
23 error not with npm itself.
23 error Tell the author that this fails on your system:
23 error     json-server --watch db.json --port 4000
23 error You can get information on how to open an issue for this project with:
23 error     npm bugs task-manager
23 error Or if that isn't available, you can get their info via:
23 error     npm owner ls task-manager
23 error There is likely additional logging output above.
24 verbose exit [ 1, true ]
